epoch: 1/2 train batch: 1/194 | FER: 0.997262 0.997262 | speech FER: 0.994763 0.994763 | silence FER: 1.000000 1.000000 | loss: 5.374703 5.374703 | time: 0.786374
epoch: 1/2 train batch: 2/194 | FER: 0.996989 0.997259 | speech FER: 0.994687 0.994762 | silence FER: 0.999204 0.999992 | loss: 5.226778 5.373224 | time: 0.784711
epoch: 1/2 train batch: 3/194 | FER: 0.872449 0.996011 | speech FER: 0.993961 0.994754 | silence FER: 0.745875 0.997451 | loss: 5.083022 5.370322 | time: 0.764456
epoch: 1/2 train batch: 4/194 | FER: 0.560737 0.991659 | speech FER: 0.995953 0.994766 | silence FER: 0.106153 0.988538 | loss: 4.862935 5.365248 | time: 0.791980
epoch: 1/2 train batch: 5/194 | FER: 0.514721 0.986889 | speech FER: 0.998377 0.994803 | silence FER: 0.000690 0.978659 | loss: 4.478066 5.356376 | time: 0.796932
epoch: 1/2 train batch: 6/194 | FER: 0.529616 0.982316 | speech FER: 0.999377 0.994848 | silence FER: 0.000000 0.968873 | loss: 3.799665 5.340809 | time: 0.788723
epoch: 1/2 train batch: 7/194 | FER: 0.524570 0.977739 | speech FER: 1.000000 0.994900 | silence FER: 0.000000 0.959184 | loss: 3.344025 5.320841 | time: 0.765158
epoch: 1/2 train batch: 8/194 | FER: 0.511253 0.973074 | speech FER: 1.000000 0.994951 | silence FER: 0.000000 0.949592 | loss: 3.197335 5.299606 | time: 0.762334
epoch: 1/2 train batch: 9/194 | FER: 0.505094 0.968394 | speech FER: 1.000000 0.995001 | silence FER: 0.000000 0.940096 | loss: 3.061923 5.277229 | time: 0.785564
epoch: 1/2 train batch: 10/194 | FER: 0.509407 0.963804 | speech FER: 1.000000 0.995051 | silence FER: 0.000110 0.930696 | loss: 3.072984 5.255187 | time: 0.842081
epoch: 1/2 train batch: 11/194 | FER: 0.529674 0.959463 | speech FER: 0.999568 0.995096 | silence FER: 0.000000 0.921390 | loss: 3.098901 5.233624 | time: 0.744952
epoch: 1/2 train batch: 12/194 | FER: 0.505313 0.954922 | speech FER: 0.997085 0.995116 | silence FER: 0.000115 0.912177 | loss: 3.018420 5.211472 | time: 0.816082
epoch: 1/2 train batch: 13/194 | FER: 0.513214 0.950505 | speech FER: 0.997877 0.995144 | silence FER: 0.000000 0.903055 | loss: 3.001139 5.189369 | time: 0.760282
epoch: 1/2 train batch: 14/194 | FER: 0.505669 0.946056 | speech FER: 0.992357 0.995116 | silence FER: 0.000117 0.894026 | loss: 2.865637 5.166131 | time: 0.746288
epoch: 1/2 train batch: 15/194 | FER: 0.511790 0.941714 | speech FER: 0.996128 0.995126 | silence FER: 0.000000 0.885085 | loss: 2.822143 5.142692 | time: 0.750756
epoch: 1/2 train batch: 16/194 | FER: 0.507674 0.937373 | speech FER: 0.981943 0.994994 | silence FER: 0.000685 0.876241 | loss: 2.748182 5.118746 | time: 0.794853
epoch: 1/2 train batch: 17/194 | FER: 0.518696 0.933186 | speech FER: 0.989522 0.994940 | silence FER: 0.000720 0.867486 | loss: 2.793337 5.095492 | time: 0.776129
epoch: 1/2 train batch: 18/194 | FER: 0.497339 0.928828 | speech FER: 0.972128 0.994712 | silence FER: 0.001892 0.858830 | loss: 2.587534 5.070413 | time: 0.793735
epoch: 1/2 train batch: 19/194 | FER: 0.504648 0.924586 | speech FER: 0.979184 0.994556 | silence FER: 0.000246 0.850244 | loss: 2.674905 5.046458 | time: 0.753428
epoch: 1/2 train batch: 20/194 | FER: 0.508936 0.920430 | speech FER: 0.947881 0.994089 | silence FER: 0.010333 0.841845 | loss: 2.666135 5.022654 | time: 0.775314
epoch: 1/2 train batch: 21/194 | FER: 0.504501 0.916270 | speech FER: 0.971452 0.993863 | silence FER: 0.000112 0.833428 | loss: 2.486115 4.997289 | time: 0.761045
epoch: 1/2 train batch: 22/194 | FER: 0.494112 0.912049 | speech FER: 0.936259 0.993287 | silence FER: 0.022917 0.825323 | loss: 2.538437 4.972701 | time: 0.793165
epoch: 1/2 train batch: 23/194 | FER: 0.503099 0.907959 | speech FER: 0.968954 0.993044 | silence FER: 0.000468 0.817074 | loss: 2.456699 4.947541 | time: 0.774398
epoch: 1/2 train batch: 24/194 | FER: 0.489802 0.903778 | speech FER: 0.923205 0.992345 | silence FER: 0.033811 0.809242 | loss: 2.455178 4.922617 | time: 0.755574
epoch: 1/2 train batch: 25/194 | FER: 0.463925 0.899379 | speech FER: 0.932404 0.991746 | silence FER: 0.000701 0.801156 | loss: 2.228619 4.895677 | time: 0.755758
epoch: 1/2 train batch: 26/194 | FER: 0.461625 0.895002 | speech FER: 0.925753 0.991086 | silence FER: 0.007218 0.793217 | loss: 2.273616 4.869456 | time: 0.862211
epoch: 1/2 train batch: 27/194 | FER: 0.457918 0.890631 | speech FER: 0.938303 0.990558 | silence FER: 0.000117 0.785286 | loss: 2.136706 4.842129 | time: 0.735956
epoch: 1/2 train batch: 28/194 | FER: 0.484331 0.886568 | speech FER: 0.907613 0.989729 | silence FER: 0.023173 0.777665 | loss: 2.378590 4.817493 | time: 0.841851
epoch: 1/2 train batch: 29/194 | FER: 0.485134 0.882553 | speech FER: 0.936617 0.989198 | silence FER: 0.000356 0.769892 | loss: 2.309945 4.792418 | time: 0.777837
epoch: 1/2 train batch: 30/194 | FER: 0.459722 0.878325 | speech FER: 0.895059 0.988256 | silence FER: 0.014207 0.762335 | loss: 2.201798 4.766512 | time: 0.819117
epoch: 1/2 train batch: 31/194 | FER: 0.455998 0.874102 | speech FER: 0.923975 0.987613 | silence FER: 0.005841 0.754770 | loss: 2.092871 4.739775 | time: 0.751723
epoch: 1/2 train batch: 32/194 | FER: 0.472789 0.870089 | speech FER: 0.907362 0.986811 | silence FER: 0.027737 0.747500 | loss: 2.225319 4.714631 | time: 0.805395
epoch: 1/2 train batch: 33/194 | FER: 0.488438 0.866272 | speech FER: 0.933868 0.986281 | silence FER: 0.000475 0.740029 | loss: 2.287154 4.690356 | time: 0.820254
epoch: 1/2 train batch: 34/194 | FER: 0.500958 0.862619 | speech FER: 0.916726 0.985586 | silence FER: 0.018794 0.732817 | loss: 2.326288 4.666715 | time: 0.811955
epoch: 1/2 train batch: 35/194 | FER: 0.450416 0.858497 | speech FER: 0.895538 0.984685 | silence FER: 0.002990 0.725519 | loss: 2.011147 4.640160 | time: 0.809985
epoch: 1/2 train batch: 36/194 | FER: 0.454326 0.854455 | speech FER: 0.881606 0.983655 | silence FER: 0.005550 0.718319 | loss: 2.031129 4.614069 | time: 0.742472
epoch: 1/2 train batch: 37/194 | FER: 0.482979 0.850741 | speech FER: 0.896088 0.982779 | silence FER: 0.010738 0.711243 | loss: 2.144323 4.589372 | time: 0.815747
epoch: 1/2 train batch: 38/194 | FER: 0.451070 0.846744 | speech FER: 0.880299 0.981754 | silence FER: 0.020461 0.704335 | loss: 2.004135 4.563520 | time: 0.871236
epoch: 1/2 train batch: 39/194 | FER: 0.465469 0.842931 | speech FER: 0.892440 0.980861 | silence FER: 0.005518 0.697347 | loss: 2.094105 4.538825 | time: 0.754160
epoch: 1/2 train batch: 40/194 | FER: 0.455523 0.839057 | speech FER: 0.865423 0.979707 | silence FER: 0.029001 0.690664 | loss: 2.009499 4.513532 | time: 0.760575
epoch: 1/2 train batch: 41/194 | FER: 0.453471 0.835201 | speech FER: 0.889090 0.978800 | silence FER: 0.003306 0.683790 | loss: 2.018202 4.488579 | time: 0.822006
epoch: 1/2 train batch: 42/194 | FER: 0.439172 0.831241 | speech FER: 0.864395 0.977656 | silence FER: 0.024522 0.677197 | loss: 1.994284 4.463636 | time: 0.773613
epoch: 1/2 train batch: 43/194 | FER: 0.440186 0.827330 | speech FER: 0.871783 0.976598 | silence FER: 0.004254 0.670468 | loss: 1.998280 4.438982 | time: 0.768264
epoch: 1/2 train batch: 44/194 | FER: 0.449305 0.823550 | speech FER: 0.862336 0.975455 | silence FER: 0.024543 0.664009 | loss: 2.063546 4.415228 | time: 0.766364
epoch: 1/2 train batch: 45/194 | FER: 0.453890 0.819853 | speech FER: 0.889900 0.974600 | silence FER: 0.003825 0.657407 | loss: 1.949837 4.390574 | time: 0.886475
epoch: 1/2 train batch: 46/194 | FER: 0.436581 0.816021 | speech FER: 0.840599 0.973260 | silence FER: 0.026418 0.651097 | loss: 1.931310 4.365981 | time: 0.828543
epoch: 1/2 train batch: 47/194 | FER: 0.437504 0.812236 | speech FER: 0.876442 0.972291 | silence FER: 0.002490 0.644611 | loss: 1.905975 4.341381 | time: 0.767403
epoch: 1/2 train batch: 48/194 | FER: 0.433598 0.808449 | speech FER: 0.850258 0.971071 | silence FER: 0.031462 0.638479 | loss: 1.975669 4.317724 | time: 0.783205
epoch: 1/2 train batch: 49/194 | FER: 0.447714 0.804842 | speech FER: 0.874419 0.970104 | silence FER: 0.001042 0.632105 | loss: 1.973079 4.294278 | time: 0.806925
epoch: 1/2 train batch: 50/194 | FER: 0.458452 0.801378 | speech FER: 0.839858 0.968802 | silence FER: 0.032478 0.626109 | loss: 2.015770 4.271493 | time: 0.881719
epoch: 1/2 train batch: 51/194 | FER: 0.432841 0.797693 | speech FER: 0.889912 0.968013 | silence FER: 0.004884 0.619897 | loss: 1.880430 4.247582 | time: 0.871218
epoch: 1/2 train batch: 52/194 | FER: 0.458322 0.794299 | speech FER: 0.850969 0.966843 | silence FER: 0.017210 0.613870 | loss: 1.956869 4.224675 | time: 0.793720
epoch: 1/2 train batch: 53/194 | FER: 0.429772 0.790654 | speech FER: 0.851358 0.965688 | silence FER: 0.016079 0.607892 | loss: 1.821056 4.200639 | time: 0.767324
epoch: 1/2 train batch: 54/194 | FER: 0.434780 0.787095 | speech FER: 0.844418 0.964475 | silence FER: 0.005082 0.601864 | loss: 1.818721 4.176820 | time: 0.810177
epoch: 1/2 train batch: 55/194 | FER: 0.450186 0.783726 | speech FER: 0.833434 0.963165 | silence FER: 0.020104 0.596046 | loss: 1.941250 4.154464 | time: 0.790211
epoch: 1/2 train batch: 56/194 | FER: 0.424740 0.780136 | speech FER: 0.840491 0.961938 | silence FER: 0.007880 0.590164 | loss: 1.767291 4.130592 | time: 0.805669
epoch: 1/2 train batch: 57/194 | FER: 0.453757 0.776872 | speech FER: 0.847067 0.960789 | silence FER: 0.020139 0.584464 | loss: 1.926765 4.108554 | time: 0.815043
epoch: 1/2 train batch: 58/194 | FER: 0.421264 0.773316 | speech FER: 0.823118 0.959413 | silence FER: 0.002916 0.578649 | loss: 1.704126 4.084510 | time: 0.845963
epoch: 1/2 train batch: 59/194 | FER: 0.422911 0.769812 | speech FER: 0.825450 0.958073 | silence FER: 0.021622 0.573078 | loss: 1.727502 4.060940 | time: 0.759801
epoch: 1/2 train batch: 60/194 | FER: 0.435201 0.766466 | speech FER: 0.848765 0.956980 | silence FER: 0.001464 0.567362 | loss: 1.854634 4.038876 | time: 0.796015
epoch: 1/2 train batch: 61/194 | FER: 0.431100 0.763112 | speech FER: 0.812466 0.955535 | silence FER: 0.045977 0.562148 | loss: 1.837824 4.016866 | time: 0.816643
epoch: 1/2 train batch: 62/194 | FER: 0.418866 0.759670 | speech FER: 0.842616 0.954406 | silence FER: 0.005030 0.556577 | loss: 1.775672 3.994454 | time: 0.766538
epoch: 1/2 train batch: 63/194 | FER: 0.463879 0.756712 | speech FER: 0.826442 0.953126 | silence FER: 0.030184 0.551313 | loss: 1.970863 3.974218 | time: 0.770429
epoch: 1/2 train batch: 64/194 | FER: 0.415884 0.753304 | speech FER: 0.829756 0.951892 | silence FER: 0.004627 0.545846 | loss: 1.730288 3.951779 | time: 0.762626
epoch: 1/2 train batch: 65/194 | FER: 0.425582 0.750026 | speech FER: 0.802913 0.950402 | silence FER: 0.037345 0.540761 | loss: 1.804302 3.930304 | time: 0.836514
epoch: 1/2 train batch: 66/194 | FER: 0.418367 0.746710 | speech FER: 0.830673 0.949205 | silence FER: 0.002443 0.535378 | loss: 1.720306 3.908204 | time: 0.841492
epoch: 1/2 train batch: 67/194 | FER: 0.429300 0.743536 | speech FER: 0.812563 0.947839 | silence FER: 0.036493 0.530389 | loss: 1.808166 3.887204 | time: 0.779902
epoch: 1/2 train batch: 68/194 | FER: 0.427550 0.740376 | speech FER: 0.831758 0.946678 | silence FER: 0.003001 0.525116 | loss: 1.791680 3.866248 | time: 0.816701
epoch: 1/2 train batch: 69/194 | FER: 0.418037 0.737152 | speech FER: 0.791747 0.945129 | silence FER: 0.037947 0.520244 | loss: 1.756545 3.845151 | time: 0.919709
epoch: 1/2 train batch: 70/194 | FER: 0.436986 0.734151 | speech FER: 0.856022 0.944238 | silence FER: 0.000895 0.515050 | loss: 1.870565 3.825406 | time: 0.885824
epoch: 1/2 train batch: 71/194 | FER: 0.431593 0.731125 | speech FER: 0.794331 0.942738 | silence FER: 0.059640 0.510496 | loss: 1.851046 3.805662 | time: 0.927882
epoch: 1/2 train batch: 72/194 | FER: 0.432387 0.728138 | speech FER: 0.830092 0.941612 | silence FER: 0.002492 0.505416 | loss: 1.820837 3.785814 | time: 0.906349
epoch: 1/2 train batch: 73/194 | FER: 0.438773 0.725244 | speech FER: 0.791328 0.940109 | silence FER: 0.061919 0.500981 | loss: 1.791790 3.765873 | time: 0.783246
epoch: 1/2 train batch: 74/194 | FER: 0.406351 0.722055 | speech FER: 0.811635 0.938824 | silence FER: 0.007106 0.496042 | loss: 1.683899 3.745054 | time: 0.848115
epoch: 1/2 train batch: 75/194 | FER: 0.432766 0.719162 | speech FER: 0.802572 0.937462 | silence FER: 0.027396 0.491356 | loss: 1.778065 3.725384 | time: 0.913461
epoch: 1/2 train batch: 76/194 | FER: 0.446233 0.716433 | speech FER: 0.844325 0.936531 | silence FER: 0.012541 0.486568 | loss: 1.840717 3.706537 | time: 0.846891
epoch: 1/2 train batch: 77/194 | FER: 0.419593 0.713465 | speech FER: 0.778834 0.934954 | silence FER: 0.026198 0.481964 | loss: 1.721416 3.686686 | time: 0.826661
epoch: 1/2 train batch: 78/194 | FER: 0.406367 0.710394 | speech FER: 0.794070 0.933545 | silence FER: 0.008908 0.477234 | loss: 1.623552 3.666055 | time: 0.818945
epoch: 1/2 train batch: 79/194 | FER: 0.396405 0.707254 | speech FER: 0.773109 0.931940 | silence FER: 0.011640 0.472578 | loss: 1.618349 3.645578 | time: 0.800928
epoch: 1/2 train batch: 80/194 | FER: 0.410464 0.704286 | speech FER: 0.782614 0.930447 | silence FER: 0.020116 0.468053 | loss: 1.647429 3.625596 | time: 0.779250
epoch: 1/2 train batch: 81/194 | FER: 0.422929 0.701472 | speech FER: 0.811463 0.929257 | silence FER: 0.007356 0.463446 | loss: 1.673204 3.606072 | time: 0.789536
epoch: 1/2 train batch: 82/194 | FER: 0.446800 0.698926 | speech FER: 0.790284 0.927868 | silence FER: 0.042717 0.459239 | loss: 1.805263 3.588064 | time: 0.816956
epoch: 1/2 train batch: 83/194 | FER: 0.425607 0.696192 | speech FER: 0.817711 0.926766 | silence FER: 0.006732 0.454714 | loss: 1.759048 3.569774 | time: 0.805708
epoch: 1/2 train batch: 84/194 | FER: 0.416208 0.693393 | speech FER: 0.782374 0.925322 | silence FER: 0.036510 0.450532 | loss: 1.686372 3.550940 | time: 0.873784
epoch: 1/2 train batch: 85/194 | FER: 0.429148 0.690750 | speech FER: 0.812684 0.924196 | silence FER: 0.005240 0.446079 | loss: 1.762724 3.533058 | time: 0.821539
epoch: 1/2 train batch: 86/194 | FER: 0.426397 0.688107 | speech FER: 0.790246 0.922856 | silence FER: 0.051511 0.442133 | loss: 1.728685 3.515014 | time: 0.816609
epoch: 1/2 train batch: 87/194 | FER: 0.414100 0.685367 | speech FER: 0.809460 0.921722 | silence FER: 0.004715 0.437759 | loss: 1.652308 3.496387 | time: 0.832529
epoch: 1/2 train batch: 88/194 | FER: 0.426511 0.682778 | speech FER: 0.769992 0.920205 | silence FER: 0.027046 0.433652 | loss: 1.704015 3.478463 | time: 0.824756
epoch: 1/2 train batch: 89/194 | FER: 0.421483 0.680165 | speech FER: 0.802046 0.919023 | silence FER: 0.006620 0.429381 | loss: 1.720104 3.460880 | time: 0.837010
epoch: 1/2 train batch: 90/194 | FER: 0.413321 0.677497 | speech FER: 0.779749 0.917631 | silence FER: 0.022279 0.425310 | loss: 1.715268 3.443423 | time: 0.812271
epoch: 1/2 train batch: 91/194 | FER: 0.409330 0.674815 | speech FER: 0.793336 0.916388 | silence FER: 0.006710 0.421124 | loss: 1.611887 3.425108 | time: 0.825409
epoch: 1/2 train batch: 92/194 | FER: 0.416614 0.672233 | speech FER: 0.781984 0.915044 | silence FER: 0.030285 0.417216 | loss: 1.696923 3.407826 | time: 0.732515
epoch: 1/2 train batch: 93/194 | FER: 0.386758 0.669378 | speech FER: 0.772780 0.913621 | silence FER: 0.008588 0.413130 | loss: 1.546450 3.389213 | time: 0.815749
epoch: 1/2 train batch: 94/194 | FER: 0.401742 0.666702 | speech FER: 0.788278 0.912367 | silence FER: 0.022199 0.409220 | loss: 1.601285 3.371333 | time: 0.825873
epoch: 1/2 train batch: 95/194 | FER: 0.420164 0.664236 | speech FER: 0.792868 0.911172 | silence FER: 0.006162 0.405190 | loss: 1.681560 3.354435 | time: 0.880118
epoch: 1/2 train batch: 96/194 | FER: 0.387443 0.661469 | speech FER: 0.766988 0.909731 | silence FER: 0.025630 0.401394 | loss: 1.529609 3.336187 | time: 0.925078
epoch: 1/2 train batch: 97/194 | FER: 0.445899 0.659313 | speech FER: 0.810624 0.908740 | silence FER: 0.005326 0.397434 | loss: 1.864948 3.321475 | time: 0.781060
epoch: 1/2 train batch: 98/194 | FER: 0.402264 0.656742 | speech FER: 0.768170 0.907334 | silence FER: 0.051718 0.393976 | loss: 1.585699 3.304117 | time: 0.807635
epoch: 1/2 train batch: 99/194 | FER: 0.424182 0.654417 | speech FER: 0.810331 0.906364 | silence FER: 0.001766 0.390054 | loss: 1.731844 3.288394 | time: 0.928528
epoch: 1/2 train batch: 100/194 | FER: 0.409702 0.651970 | speech FER: 0.762099 0.904921 | silence FER: 0.034512 0.386499 | loss: 1.650779 3.272018 | time: 0.787996
epoch: 1/2 train batch: 101/194 | FER: 0.397053 0.649420 | speech FER: 0.788983 0.903762 | silence FER: 0.004120 0.382675 | loss: 1.601180 3.255310 | time: 0.874355
epoch: 1/2 train batch: 102/194 | FER: 0.392188 0.646848 | speech FER: 0.748702 0.902211 | silence FER: 0.036932 0.379218 | loss: 1.546160 3.238218 | time: 0.795912
epoch: 1/2 train batch: 103/194 | FER: 0.426110 0.644641 | speech FER: 0.779774 0.900987 | silence FER: 0.007255 0.375498 | loss: 1.753450 3.223371 | time: 0.807847
epoch: 1/2 train batch: 104/194 | FER: 0.389931 0.642094 | speech FER: 0.743348 0.899410 | silence FER: 0.037137 0.372114 | loss: 1.602952 3.207166 | time: 0.837361
epoch: 1/2 train batch: 105/194 | FER: 0.410269 0.639775 | speech FER: 0.786528 0.898282 | silence FER: 0.004581 0.368439 | loss: 1.677025 3.191865 | time: 0.844654
epoch: 1/2 train batch: 106/194 | FER: 0.397393 0.637352 | speech FER: 0.747444 0.896773 | silence FER: 0.041358 0.365168 | loss: 1.593089 3.175877 | time: 0.759149
epoch: 1/2 train batch: 107/194 | FER: 0.414824 0.635126 | speech FER: 0.771332 0.895519 | silence FER: 0.005963 0.361576 | loss: 1.807402 3.162193 | time: 0.808540
epoch: 1/2 train batch: 108/194 | FER: 0.437342 0.633148 | speech FER: 0.775262 0.894316 | silence FER: 0.054779 0.358508 | loss: 1.745383 3.148024 | time: 0.941702
epoch: 1/2 train batch: 109/194 | FER: 0.424789 0.631065 | speech FER: 0.792974 0.893303 | silence FER: 0.006707 0.354990 | loss: 1.699617 3.133540 | time: 0.852897
epoch: 1/2 train batch: 110/194 | FER: 0.412592 0.628880 | speech FER: 0.746734 0.891837 | silence FER: 0.035946 0.351800 | loss: 1.677346 3.118978 | time: 0.845316
epoch: 1/2 train batch: 111/194 | FER: 0.395045 0.626542 | speech FER: 0.767316 0.890592 | silence FER: 0.013394 0.348416 | loss: 1.582827 3.103617 | time: 0.913942
epoch: 1/2 train batch: 112/194 | FER: 0.398153 0.624258 | speech FER: 0.770296 0.889389 | silence FER: 0.042293 0.345355 | loss: 1.601925 3.088600 | time: 0.811706
epoch: 1/2 train batch: 113/194 | FER: 0.427875 0.622294 | speech FER: 0.781403 0.888309 | silence FER: 0.013870 0.342040 | loss: 1.731785 3.075032 | time: 0.816373
epoch: 1/2 train batch: 114/194 | FER: 0.420432 0.620275 | speech FER: 0.773294 0.887159 | silence FER: 0.031929 0.338939 | loss: 1.660575 3.060887 | time: 0.826403
epoch: 1/2 train batch: 115/194 | FER: 0.409946 0.618172 | speech FER: 0.775414 0.886042 | silence FER: 0.009443 0.335644 | loss: 1.648114 3.046760 | time: 0.770823
epoch: 1/2 train batch: 116/194 | FER: 0.372693 0.615717 | speech FER: 0.732062 0.884502 | silence FER: 0.035465 0.332642 | loss: 1.472834 3.031020 | time: 0.864596
epoch: 1/2 train batch: 117/194 | FER: 0.392885 0.613489 | speech FER: 0.772955 0.883386 | silence FER: 0.005653 0.329372 | loss: 1.551279 3.016223 | time: 0.863921
epoch: 1/2 train batch: 118/194 | FER: 0.397416 0.611328 | speech FER: 0.734330 0.881896 | silence FER: 0.042819 0.326506 | loss: 1.622707 3.002288 | time: 0.837507
epoch: 1/2 train batch: 119/194 | FER: 0.412160 0.609337 | speech FER: 0.774092 0.880818 | silence FER: 0.006702 0.323308 | loss: 1.639202 2.988657 | time: 0.788228
epoch: 1/2 train batch: 120/194 | FER: 0.417436 0.607418 | speech FER: 0.749920 0.879509 | silence FER: 0.050883 0.320584 | loss: 1.704165 2.975812 | time: 0.830308
epoch: 1/2 train batch: 121/194 | FER: 0.388125 0.605225 | speech FER: 0.781114 0.878525 | silence FER: 0.006854 0.317447 | loss: 1.557403 2.961628 | time: 0.865238
epoch: 1/2 train batch: 122/194 | FER: 0.401505 0.603187 | speech FER: 0.749720 0.877237 | silence FER: 0.046083 0.314733 | loss: 1.663666 2.948648 | time: 0.823149
epoch: 1/2 train batch: 123/194 | FER: 0.372533 0.600881 | speech FER: 0.745720 0.875922 | silence FER: 0.007399 0.311660 | loss: 1.484669 2.934008 | time: 0.913228
epoch: 1/2 train batch: 124/194 | FER: 0.408004 0.598952 | speech FER: 0.768618 0.874848 | silence FER: 0.023035 0.308774 | loss: 1.548901 2.920157 | time: 0.827661
epoch: 1/2 train batch: 125/194 | FER: 0.396686 0.596929 | speech FER: 0.764274 0.873743 | silence FER: 0.016628 0.305852 | loss: 1.565209 2.906608 | time: 0.824718
epoch: 1/2 train batch: 126/194 | FER: 0.391921 0.594879 | speech FER: 0.728354 0.872289 | silence FER: 0.030040 0.303094 | loss: 1.547674 2.893019 | time: 0.779603
epoch: 1/2 train batch: 127/194 | FER: 0.382082 0.592751 | speech FER: 0.756362 0.871130 | silence FER: 0.011290 0.300176 | loss: 1.496530 2.879054 | time: 0.833384
epoch: 1/2 train batch: 128/194 | FER: 0.394432 0.590768 | speech FER: 0.748261 0.869901 | silence FER: 0.021651 0.297391 | loss: 1.545325 2.865716 | time: 0.848884
epoch: 1/2 train batch: 129/194 | FER: 0.415493 0.589015 | speech FER: 0.774700 0.868949 | silence FER: 0.007886 0.294496 | loss: 1.634280 2.853402 | time: 0.822545
epoch: 1/2 train batch: 130/194 | FER: 0.418998 0.587315 | speech FER: 0.761428 0.867874 | silence FER: 0.044307 0.291994 | loss: 1.640420 2.841272 | time: 0.840799
epoch: 1/2 train batch: 131/194 | FER: 0.428347 0.585726 | speech FER: 0.803176 0.867227 | silence FER: 0.013908 0.289213 | loss: 1.731975 2.830179 | time: 0.938212
epoch: 1/2 train batch: 132/194 | FER: 0.396529 0.583834 | speech FER: 0.753104 0.866085 | silence FER: 0.035064 0.286671 | loss: 1.574645 2.817624 | time: 0.869623
epoch: 1/2 train batch: 133/194 | FER: 0.408918 0.582085 | speech FER: 0.770747 0.865132 | silence FER: 0.012281 0.283928 | loss: 1.653588 2.805983 | time: 0.859137
epoch: 1/2 train batch: 134/194 | FER: 0.387687 0.580141 | speech FER: 0.725701 0.863738 | silence FER: 0.017502 0.281263 | loss: 1.469364 2.792617 | time: 0.822683
epoch: 1/2 train batch: 135/194 | FER: 0.400560 0.578345 | speech FER: 0.752727 0.862628 | silence FER: 0.028894 0.278740 | loss: 1.583103 2.780522 | time: 0.805954
epoch: 1/2 train batch: 136/194 | FER: 0.410091 0.576662 | speech FER: 0.767722 0.861679 | silence FER: 0.013490 0.276087 | loss: 1.641439 2.769131 | time: 0.851982
epoch: 1/2 train batch: 137/194 | FER: 0.396650 0.574862 | speech FER: 0.748723 0.860549 | silence FER: 0.034541 0.273672 | loss: 1.531633 2.756756 | time: 0.833522
epoch: 1/2 train batch: 138/194 | FER: 0.371524 0.572829 | speech FER: 0.753006 0.859474 | silence FER: 0.004606 0.270981 | loss: 1.469019 2.743879 | time: 0.874762
epoch: 1/2 train batch: 139/194 | FER: 0.393103 0.571031 | speech FER: 0.748211 0.858361 | silence FER: 0.042016 0.268691 | loss: 1.551460 2.731955 | time: 0.881369
epoch: 1/2 train batch: 140/194 | FER: 0.434578 0.569667 | speech FER: 0.784251 0.857620 | silence FER: 0.004887 0.266053 | loss: 1.868849 2.723324 | time: 0.835398
epoch: 1/2 train batch: 141/194 | FER: 0.418981 0.568160 | speech FER: 0.739387 0.856438 | silence FER: 0.077345 0.264166 | loss: 1.628710 2.712378 | time: 0.795887
epoch: 1/2 train batch: 142/194 | FER: 0.405790 0.566536 | speech FER: 0.775321 0.855626 | silence FER: 0.008933 0.261614 | loss: 1.667380 2.701928 | time: 0.835456
epoch: 1/2 train batch: 143/194 | FER: 0.407547 0.564946 | speech FER: 0.745648 0.854527 | silence FER: 0.026141 0.259259 | loss: 1.674418 2.691653 | time: 0.792467
epoch: 1/2 train batch: 144/194 | FER: 0.382510 0.563122 | speech FER: 0.758276 0.853564 | silence FER: 0.007033 0.256737 | loss: 1.473796 2.679474 | time: 0.789053
epoch: 1/2 train batch: 145/194 | FER: 0.391986 0.561411 | speech FER: 0.731450 0.852343 | silence FER: 0.025015 0.254420 | loss: 1.537898 2.668058 | time: 0.789811
epoch: 1/2 train batch: 146/194 | FER: 0.359135 0.559388 | speech FER: 0.717810 0.850998 | silence FER: 0.011780 0.251993 | loss: 1.392540 2.655303 | time: 0.836262
epoch: 1/2 train batch: 147/194 | FER: 0.393417 0.557728 | speech FER: 0.758691 0.850075 | silence FER: 0.012324 0.249597 | loss: 1.485067 2.643601 | time: 0.812263
epoch: 1/2 train batch: 148/194 | FER: 0.390082 0.556052 | speech FER: 0.746404 0.849038 | silence FER: 0.019736 0.247298 | loss: 1.529492 2.632460 | time: 0.838947
epoch: 1/2 train batch: 149/194 | FER: 0.362644 0.554118 | speech FER: 0.716733 0.847715 | silence FER: 0.010711 0.244932 | loss: 1.380315 2.619938 | time: 0.810605
epoch: 1/2 train batch: 150/194 | FER: 0.397068 0.552547 | speech FER: 0.745022 0.846688 | silence FER: 0.018324 0.242666 | loss: 1.575326 2.609492 | time: 0.907278
epoch: 1/2 train batch: 151/194 | FER: 0.403036 0.551052 | speech FER: 0.746200 0.845683 | silence FER: 0.025616 0.240496 | loss: 1.592477 2.599322 | time: 0.793001
epoch: 1/2 train batch: 152/194 | FER: 0.380676 0.549348 | speech FER: 0.737998 0.844606 | silence FER: 0.016519 0.238256 | loss: 1.468143 2.588010 | time: 0.871183
epoch: 1/2 train batch: 153/194 | FER: 0.406411 0.547919 | speech FER: 0.734692 0.843507 | silence FER: 0.027641 0.236150 | loss: 1.585398 2.577984 | time: 0.867390
epoch: 1/2 train batch: 154/194 | FER: 0.371535 0.546155 | speech FER: 0.740014 0.842472 | silence FER: 0.021010 0.233998 | loss: 1.483812 2.567042 | time: 0.817189
epoch: 1/2 train batch: 155/194 | FER: 0.368879 0.544382 | speech FER: 0.740394 0.841451 | silence FER: 0.013882 0.231797 | loss: 1.421805 2.555590 | time: 0.876736
epoch: 1/2 train batch: 156/194 | FER: 0.420713 0.543146 | speech FER: 0.749304 0.840530 | silence FER: 0.026930 0.229748 | loss: 1.639252 2.546426 | time: 0.836812
epoch: 1/2 train batch: 157/194 | FER: 0.379839 0.541513 | speech FER: 0.744446 0.839569 | silence FER: 0.016737 0.227618 | loss: 1.481063 2.535773 | time: 0.779166
epoch: 1/2 train batch: 158/194 | FER: 0.401410 0.540112 | speech FER: 0.742869 0.838602 | silence FER: 0.020545 0.225548 | loss: 1.596573 2.526381 | time: 0.806001
epoch: 1/2 train batch: 159/194 | FER: 0.390549 0.538616 | speech FER: 0.740482 0.837621 | silence FER: 0.012237 0.223414 | loss: 1.528208 2.516399 | time: 0.876119
epoch: 1/2 train batch: 160/194 | FER: 0.387117 0.537101 | speech FER: 0.715306 0.836398 | silence FER: 0.040293 0.221583 | loss: 1.460810 2.505843 | time: 0.825764
epoch: 1/2 train batch: 161/194 | FER: 0.396166 0.535692 | speech FER: 0.765532 0.835689 | silence FER: 0.007392 0.219441 | loss: 1.572604 2.496511 | time: 0.859910
epoch: 1/2 train batch: 162/194 | FER: 0.394190 0.534277 | speech FER: 0.707943 0.834412 | silence FER: 0.046490 0.217712 | loss: 1.524262 2.486788 | time: 0.777708
epoch: 1/2 train batch: 163/194 | FER: 0.388916 0.532823 | speech FER: 0.750184 0.833569 | silence FER: 0.006664 0.215601 | loss: 1.507448 2.476995 | time: 0.852589
epoch: 1/2 train batch: 164/194 | FER: 0.389252 0.531387 | speech FER: 0.718082 0.832414 | silence FER: 0.038990 0.213835 | loss: 1.509714 2.467322 | time: 0.817943
epoch: 1/2 train batch: 165/194 | FER: 0.389914 0.529973 | speech FER: 0.751867 0.831609 | silence FER: 0.003062 0.211727 | loss: 1.510012 2.457749 | time: 0.858584
epoch: 1/2 train batch: 166/194 | FER: 0.398618 0.528659 | speech FER: 0.721074 0.830504 | silence FER: 0.047901 0.210089 | loss: 1.579179 2.448963 | time: 0.831195
epoch: 1/2 train batch: 167/194 | FER: 0.392362 0.527296 | speech FER: 0.743497 0.829633 | silence FER: 0.005800 0.208046 | loss: 1.551437 2.439988 | time: 0.814885
epoch: 1/2 train batch: 168/194 | FER: 0.383739 0.525860 | speech FER: 0.719476 0.828532 | silence FER: 0.037779 0.206344 | loss: 1.494435 2.430533 | time: 0.833776
epoch: 1/2 train batch: 169/194 | FER: 0.400794 0.524610 | speech FER: 0.755043 0.827797 | silence FER: 0.011381 0.204394 | loss: 1.586990 2.422097 | time: 0.879933
epoch: 1/2 train batch: 170/194 | FER: 0.409877 0.523462 | speech FER: 0.740776 0.826927 | silence FER: 0.060325 0.202953 | loss: 1.610395 2.413980 | time: 0.830688
epoch: 1/2 train batch: 171/194 | FER: 0.420169 0.522430 | speech FER: 0.768377 0.826341 | silence FER: 0.005799 0.200982 | loss: 1.650352 2.406344 | time: 0.810756
epoch: 1/2 train batch: 172/194 | FER: 0.383966 0.521045 | speech FER: 0.699459 0.825073 | silence FER: 0.054621 0.199518 | loss: 1.464014 2.396920 | time: 0.815167
epoch: 1/2 train batch: 173/194 | FER: 0.369046 0.519525 | speech FER: 0.715633 0.823978 | silence FER: 0.005814 0.197581 | loss: 1.436440 2.387316 | time: 0.779938
epoch: 1/2 train batch: 174/194 | FER: 0.376119 0.518091 | speech FER: 0.711682 0.822855 | silence FER: 0.030900 0.195914 | loss: 1.431968 2.377762 | time: 0.824170
epoch: 1/2 train batch: 175/194 | FER: 0.386842 0.516778 | speech FER: 0.745161 0.822078 | silence FER: 0.008293 0.194038 | loss: 1.558934 2.369574 | time: 0.832287
epoch: 1/2 train batch: 176/194 | FER: 0.391972 0.515530 | speech FER: 0.733942 0.821197 | silence FER: 0.033050 0.192428 | loss: 1.517894 2.361057 | time: 0.800961
epoch: 1/2 train batch: 177/194 | FER: 0.372032 0.514095 | speech FER: 0.734519 0.820330 | silence FER: 0.006858 0.190573 | loss: 1.402250 2.351469 | time: 0.898957
epoch: 1/2 train batch: 178/194 | FER: 0.415202 0.513106 | speech FER: 0.756693 0.819694 | silence FER: 0.050304 0.189170 | loss: 1.605812 2.344012 | time: 0.837561
epoch: 1/2 train batch: 179/194 | FER: 0.395801 0.511933 | speech FER: 0.743559 0.818932 | silence FER: 0.010966 0.187388 | loss: 1.539353 2.335966 | time: 0.828024
epoch: 1/2 train batch: 180/194 | FER: 0.409428 0.510908 | speech FER: 0.731952 0.818063 | silence FER: 0.055316 0.186067 | loss: 1.604588 2.328652 | time: 0.828027
epoch: 1/2 train batch: 181/194 | FER: 0.386735 0.509667 | speech FER: 0.741418 0.817296 | silence FER: 0.002858 0.184235 | loss: 1.509637 2.320462 | time: 0.893801
epoch: 1/2 train batch: 182/194 | FER: 0.363471 0.508205 | speech FER: 0.687095 0.815994 | silence FER: 0.048065 0.182873 | loss: 1.392209 2.311179 | time: 0.855600
epoch: 1/2 train batch: 183/194 | FER: 0.362739 0.506750 | speech FER: 0.738571 0.815220 | silence FER: 0.007591 0.181120 | loss: 1.387464 2.301942 | time: 0.808931
epoch: 1/2 train batch: 184/194 | FER: 0.358052 0.505263 | speech FER: 0.697560 0.814043 | silence FER: 0.029661 0.179606 | loss: 1.378939 2.292712 | time: 0.827432
epoch: 1/2 train batch: 185/194 | FER: 0.394559 0.504156 | speech FER: 0.733983 0.813243 | silence FER: 0.012510 0.177935 | loss: 1.537447 2.285160 | time: 0.785477
epoch: 1/2 train batch: 186/194 | FER: 0.372706 0.502841 | speech FER: 0.714219 0.812252 | silence FER: 0.026368 0.176419 | loss: 1.443930 2.276747 | time: 0.754659
epoch: 1/2 train batch: 187/194 | FER: 0.391697 0.501730 | speech FER: 0.745835 0.811588 | silence FER: 0.008620 0.174741 | loss: 1.510452 2.269084 | time: 0.806187
epoch: 1/2 train batch: 188/194 | FER: 0.390404 0.500617 | speech FER: 0.714528 0.810618 | silence FER: 0.030606 0.173300 | loss: 1.511012 2.261504 | time: 0.871179
epoch: 1/2 train batch: 189/194 | FER: 0.374597 0.499357 | speech FER: 0.729389 0.809805 | silence FER: 0.016258 0.171729 | loss: 1.471755 2.253606 | time: 0.853184
epoch: 1/2 train batch: 190/194 | FER: 0.380344 0.498166 | speech FER: 0.706598 0.808773 | silence FER: 0.035382 0.170366 | loss: 1.414394 2.245214 | time: 0.885359
epoch: 1/2 train batch: 191/194 | FER: 0.389908 0.497084 | speech FER: 0.743166 0.808117 | silence FER: 0.009257 0.168755 | loss: 1.536696 2.238129 | time: 0.841992
epoch: 1/2 train batch: 192/194 | FER: 0.413710 0.496250 | speech FER: 0.728319 0.807319 | silence FER: 0.036992 0.167437 | loss: 1.578061 2.231528 | time: 0.901887
epoch: 1/2 train batch: 193/194 | FER: 0.398416 0.495272 | speech FER: 0.760480 0.806851 | silence FER: 0.011586 0.165879 | loss: 1.640964 2.225623 | time: 0.864341
epoch: 1/2 train batch: 194/194 | FER: 0.351548 0.493834 | speech FER: 0.678059 0.805563 | silence FER: 0.034711 0.164567 | loss: 1.361008 2.216976 | time: 0.748771
epoch: 1/2 cv batch: 1/11 | FER: 0.388826 0.388826 | speech FER: 0.721352 0.721352 | silence FER: 0.020232 0.020232 | loss: 1.463447 1.463447 | time: 0.295378
epoch: 1/2 cv batch: 2/11 | FER: 0.357676 0.388514 | speech FER: 0.704717 0.721186 | silence FER: 0.016410 0.020194 | loss: 1.357688 1.462390 | time: 0.286094
epoch: 1/2 cv batch: 3/11 | FER: 0.383085 0.388460 | speech FER: 0.721838 0.721192 | silence FER: 0.032968 0.020322 | loss: 1.437372 1.462139 | time: 0.300226
epoch: 1/2 cv batch: 4/11 | FER: 0.354576 0.388121 | speech FER: 0.683661 0.720817 | silence FER: 0.016978 0.020288 | loss: 1.339174 1.460910 | time: 0.279428
epoch: 1/2 cv batch: 5/11 | FER: 0.344949 0.387689 | speech FER: 0.692809 0.720537 | silence FER: 0.016006 0.020246 | loss: 1.304784 1.459349 | time: 0.401346
epoch: 1/2 cv batch: 6/11 | FER: 0.395971 0.387772 | speech FER: 0.721209 0.720544 | silence FER: 0.012261 0.020166 | loss: 1.497115 1.459726 | time: 0.292178
epoch: 1/2 cv batch: 7/11 | FER: 0.388380 0.387778 | speech FER: 0.711159 0.720450 | silence FER: 0.013700 0.020101 | loss: 1.498661 1.460116 | time: 0.306002
epoch: 1/2 cv batch: 8/11 | FER: 0.374501 0.387646 | speech FER: 0.719298 0.720438 | silence FER: 0.017165 0.020072 | loss: 1.407398 1.459588 | time: 0.297209
epoch: 1/2 cv batch: 9/11 | FER: 0.380037 0.387569 | speech FER: 0.737343 0.720607 | silence FER: 0.014034 0.020011 | loss: 1.431505 1.459308 | time: 0.354927
epoch: 1/2 cv batch: 10/11 | FER: 0.385817 0.387552 | speech FER: 0.716723 0.720569 | silence FER: 0.024537 0.020057 | loss: 1.569925 1.460414 | time: 0.417957
epoch: 1/2 cv batch: 11/11 | FER: 0.408643 0.387763 | speech FER: 0.721154 0.720574 | silence FER: 0.023689 0.020093 | loss: 1.526970 1.461079 | time: 0.226706
Epoch train frame error-rate: 0.432468
Epoch cv    frame error-rate: 0.375820
epoch: 2/2 train batch: 1/194 | FER: 0.376112 0.492657 | speech FER: 0.711552 0.804623 | silence FER: 0.019458 0.163116 | loss: 1.458425 2.209391 | time: 0.861653
epoch: 2/2 train batch: 2/194 | FER: 0.358110 0.491312 | speech FER: 0.706737 0.803644 | silence FER: 0.019479 0.161680 | loss: 1.368646 2.200983 | time: 0.868986
epoch: 2/2 train batch: 3/194 | FER: 0.398600 0.490385 | speech FER: 0.738505 0.802993 | silence FER: 0.021259 0.160275 | loss: 1.539168 2.194365 | time: 0.764445
epoch: 2/2 train batch: 4/194 | FER: 0.389492 0.489376 | speech FER: 0.724745 0.802210 | silence FER: 0.032468 0.158997 | loss: 1.501053 2.187432 | time: 0.863149
epoch: 2/2 train batch: 5/194 | FER: 0.360004 0.488082 | speech FER: 0.712846 0.801316 | silence FER: 0.010500 0.157512 | loss: 1.382459 2.179382 | time: 0.923329
epoch: 2/2 train batch: 6/194 | FER: 0.382273 0.487024 | speech FER: 0.705823 0.800362 | silence FER: 0.037364 0.156311 | loss: 1.474661 2.172335 | time: 0.813694
epoch: 2/2 train batch: 7/194 | FER: 0.371262 0.485866 | speech FER: 0.709491 0.799453 | silence FER: 0.006229 0.154810 | loss: 1.394793 2.164560 | time: 0.794853
epoch: 2/2 train batch: 8/194 | FER: 0.373798 0.484746 | speech FER: 0.696819 0.798426 | silence FER: 0.027737 0.153539 | loss: 1.391870 2.156833 | time: 0.811110
epoch: 2/2 train batch: 9/194 | FER: 0.414752 0.484046 | speech FER: 0.756310 0.798005 | silence FER: 0.010451 0.152108 | loss: 1.619551 2.151460 | time: 0.815865
epoch: 2/2 train batch: 10/194 | FER: 0.416698 0.483372 | speech FER: 0.722343 0.797249 | silence FER: 0.078078 0.151368 | loss: 1.653012 2.146476 | time: 0.891966
epoch: 2/2 train batch: 11/194 | FER: 0.374910 0.482288 | speech FER: 0.733917 0.796615 | silence FER: 0.004849 0.149903 | loss: 1.482459 2.139835 | time: 0.833249
epoch: 2/2 train batch: 12/194 | FER: 0.399809 0.481463 | speech FER: 0.722143 0.795871 | silence FER: 0.044546 0.148849 | loss: 1.542792 2.133865 | time: 0.862224
epoch: 2/2 train batch: 13/194 | FER: 0.363970 0.480288 | speech FER: 0.737804 0.795290 | silence FER: 0.006369 0.147425 | loss: 1.394392 2.126470 | time: 0.770667
epoch: 2/2 train batch: 14/194 | FER: 0.411221 0.479597 | speech FER: 0.725393 0.794591 | silence FER: 0.029342 0.146244 | loss: 1.610381 2.121309 | time: 0.875413
epoch: 2/2 train batch: 15/194 | FER: 0.377797 0.478579 | speech FER: 0.737679 0.794022 | silence FER: 0.013542 0.144917 | loss: 1.445348 2.114550 | time: 0.824659
epoch: 2/2 train batch: 16/194 | FER: 0.349537 0.477289 | speech FER: 0.693117 0.793013 | silence FER: 0.019297 0.143661 | loss: 1.300761 2.106412 | time: 0.787502
epoch: 2/2 train batch: 17/194 | FER: 0.367891 0.476195 | speech FER: 0.701799 0.792101 | silence FER: 0.014093 0.142365 | loss: 1.410489 2.099453 | time: 0.834226
epoch: 2/2 train batch: 18/194 | FER: 0.356434 0.474997 | speech FER: 0.676464 0.790944 | silence FER: 0.025615 0.141197 | loss: 1.383778 2.092296 | time: 0.794365
epoch: 2/2 train batch: 19/194 | FER: 0.379859 0.474046 | speech FER: 0.718525 0.790220 | silence FER: 0.007668 0.139862 | loss: 1.482615 2.086199 | time: 0.843503
epoch: 2/2 train batch: 20/194 | FER: 0.391450 0.473220 | speech FER: 0.710953 0.789427 | silence FER: 0.048686 0.138950 | loss: 1.544034 2.080777 | time: 0.848963
epoch: 2/2 train batch: 21/194 | FER: 0.377919 0.472267 | speech FER: 0.736536 0.788899 | silence FER: 0.011654 0.137677 | loss: 1.492014 2.074890 | time: 0.827636
epoch: 2/2 train batch: 22/194 | FER: 0.391835 0.471463 | speech FER: 0.714541 0.788155 | silence FER: 0.037076 0.136671 | loss: 1.497016 2.069111 | time: 0.805114
epoch: 2/2 train batch: 23/194 | FER: 0.388546 0.470633 | speech FER: 0.737024 0.787644 | silence FER: 0.016672 0.135471 | loss: 1.541125 2.063831 | time: 0.894762
epoch: 2/2 train batch: 24/194 | FER: 0.398864 0.469916 | speech FER: 0.723333 0.787001 | silence FER: 0.043145 0.134548 | loss: 1.525628 2.058449 | time: 0.841925
epoch: 2/2 train batch: 25/194 | FER: 0.377415 0.468991 | speech FER: 0.735669 0.786487 | silence FER: 0.013840 0.133341 | loss: 1.465564 2.052520 | time: 0.830113
epoch: 2/2 train batch: 26/194 | FER: 0.369336 0.467994 | speech FER: 0.697363 0.785596 | silence FER: 0.014693 0.132155 | loss: 1.406006 2.046055 | time: 0.850771
epoch: 2/2 train batch: 27/194 | FER: 0.387790 0.467192 | speech FER: 0.726642 0.785006 | silence FER: 0.024499 0.131078 | loss: 1.508140 2.040676 | time: 0.769481
epoch: 2/2 train batch: 28/194 | FER: 0.378966 0.466310 | speech FER: 0.721604 0.784372 | silence FER: 0.013539 0.129903 | loss: 1.501107 2.035280 | time: 0.793345
epoch: 2/2 train batch: 29/194 | FER: 0.353604 0.465183 | speech FER: 0.691355 0.783442 | silence FER: 0.027661 0.128880 | loss: 1.352636 2.028454 | time: 0.853140
epoch: 2/2 train batch: 30/194 | FER: 0.380998 0.464341 | speech FER: 0.730769 0.782916 | silence FER: 0.007855 0.127670 | loss: 1.445205 2.022621 | time: 0.803311
epoch: 2/2 train batch: 31/194 | FER: 0.380534 0.463503 | speech FER: 0.693629 0.782023 | silence FER: 0.052041 0.126914 | loss: 1.449839 2.016894 | time: 0.769513
epoch: 2/2 train batch: 32/194 | FER: 0.376063 0.462628 | speech FER: 0.729279 0.781495 | silence FER: 0.008274 0.125727 | loss: 1.465299 2.011378 | time: 0.831542
epoch: 2/2 train batch: 33/194 | FER: 0.381965 0.461822 | speech FER: 0.707789 0.780758 | silence FER: 0.049403 0.124964 | loss: 1.476763 2.006031 | time: 0.787553
epoch: 2/2 train batch: 34/194 | FER: 0.394228 0.461146 | speech FER: 0.734742 0.780298 | silence FER: 0.008106 0.123795 | loss: 1.548702 2.001458 | time: 0.785869
epoch: 2/2 train batch: 35/194 | FER: 0.400163 0.460536 | speech FER: 0.717331 0.779668 | silence FER: 0.056161 0.123119 | loss: 1.510149 1.996545 | time: 0.794142
epoch: 2/2 train batch: 36/194 | FER: 0.384769 0.459778 | speech FER: 0.740159 0.779273 | silence FER: 0.004504 0.121933 | loss: 1.569822 1.992278 | time: 0.822635
epoch: 2/2 train batch: 37/194 | FER: 0.389657 0.459077 | speech FER: 0.694952 0.778430 | silence FER: 0.038687 0.121100 | loss: 1.457429 1.986929 | time: 0.804732
epoch: 2/2 train batch: 38/194 | FER: 0.378145 0.458268 | speech FER: 0.723072 0.777876 | silence FER: 0.012386 0.120013 | loss: 1.488492 1.981945 | time: 0.842387
epoch: 2/2 train batch: 39/194 | FER: 0.370396 0.457389 | speech FER: 0.700436 0.777102 | silence FER: 0.031373 0.119127 | loss: 1.404624 1.976172 | time: 0.828799
epoch: 2/2 train batch: 40/194 | FER: 0.381088 0.456626 | speech FER: 0.720694 0.776538 | silence FER: 0.011533 0.118051 | loss: 1.538024 1.971790 | time: 0.864591
epoch: 2/2 train batch: 41/194 | FER: 0.387481 0.455935 | speech FER: 0.704449 0.775817 | silence FER: 0.051652 0.117387 | loss: 1.476591 1.966838 | time: 0.894556
epoch: 2/2 train batch: 42/194 | FER: 0.383750 0.455213 | speech FER: 0.739874 0.775458 | silence FER: 0.004439 0.116258 | loss: 1.487151 1.962041 | time: 0.863271
epoch: 2/2 train batch: 43/194 | FER: 0.362130 0.454282 | speech FER: 0.715436 0.774857 | silence FER: 0.036325 0.115458 | loss: 1.442262 1.956844 | time: 0.927319
epoch: 2/2 train batch: 44/194 | FER: 0.375014 0.453489 | speech FER: 0.736801 0.774477 | silence FER: 0.002084 0.114324 | loss: 1.407836 1.951354 | time: 0.789090
epoch: 2/2 train batch: 45/194 | FER: 0.367532 0.452630 | speech FER: 0.703089 0.773763 | silence FER: 0.026748 0.113449 | loss: 1.394629 1.945786 | time: 0.865867
epoch: 2/2 train batch: 46/194 | FER: 0.366454 0.451768 | speech FER: 0.712841 0.773154 | silence FER: 0.016568 0.112480 | loss: 1.377583 1.940104 | time: 0.802467
epoch: 2/2 train batch: 47/194 | FER: 0.413884 0.451389 | speech FER: 0.728388 0.772706 | silence FER: 0.027864 0.111634 | loss: 1.582324 1.936526 | time: 0.872367
epoch: 2/2 train batch: 48/194 | FER: 0.374184 0.450617 | speech FER: 0.705545 0.772035 | silence FER: 0.033051 0.110848 | loss: 1.423977 1.931401 | time: 0.820961
epoch: 2/2 train batch: 49/194 | FER: 0.355958 0.449671 | speech FER: 0.703002 0.771344 | silence FER: 0.011791 0.109857 | loss: 1.337403 1.925461 | time: 0.793566
epoch: 2/2 train batch: 50/194 | FER: 0.368989 0.448864 | speech FER: 0.703501 0.770666 | silence FER: 0.021470 0.108973 | loss: 1.399272 1.920199 | time: 0.863010
epoch: 2/2 train batch: 51/194 | FER: 0.393449 0.448310 | speech FER: 0.728767 0.770247 | silence FER: 0.007638 0.107960 | loss: 1.495166 1.915949 | time: 0.795065
epoch: 2/2 train batch: 52/194 | FER: 0.352422 0.447351 | speech FER: 0.681247 0.769357 | silence FER: 0.030113 0.107182 | loss: 1.368437 1.910474 | time: 0.815844
epoch: 2/2 train batch: 53/194 | FER: 0.388222 0.446759 | speech FER: 0.733262 0.768996 | silence FER: 0.010292 0.106213 | loss: 1.535283 1.906722 | time: 0.817763
epoch: 2/2 train batch: 54/194 | FER: 0.378685 0.446079 | speech FER: 0.716821 0.768474 | silence FER: 0.021239 0.105363 | loss: 1.486784 1.902522 | time: 0.854479
epoch: 2/2 train batch: 55/194 | FER: 0.381318 0.445431 | speech FER: 0.722932 0.768019 | silence FER: 0.031135 0.104621 | loss: 1.452600 1.898023 | time: 0.838329
epoch: 2/2 train batch: 56/194 | FER: 0.368325 0.444660 | speech FER: 0.725628 0.767595 | silence FER: 0.005658 0.103631 | loss: 1.386159 1.892905 | time: 0.806701
epoch: 2/2 train batch: 57/194 | FER: 0.387678 0.444090 | speech FER: 0.694764 0.766866 | silence FER: 0.071593 0.103311 | loss: 1.514308 1.889119 | time: 0.818054
epoch: 2/2 train batch: 58/194 | FER: 0.364154 0.443291 | speech FER: 0.714561 0.766343 | silence FER: 0.005596 0.102334 | loss: 1.427861 1.884506 | time: 0.872748
epoch: 2/2 train batch: 59/194 | FER: 0.363823 0.442496 | speech FER: 0.688971 0.765570 | silence FER: 0.051726 0.101827 | loss: 1.380073 1.879462 | time: 0.839655
epoch: 2/2 train batch: 60/194 | FER: 0.397410 0.442045 | speech FER: 0.738975 0.765304 | silence FER: 0.006134 0.100871 | loss: 1.556626 1.876233 | time: 0.840472
epoch: 2/2 train batch: 61/194 | FER: 0.370167 0.441326 | speech FER: 0.691253 0.764563 | silence FER: 0.046487 0.100327 | loss: 1.410698 1.871578 | time: 0.788423
epoch: 2/2 train batch: 62/194 | FER: 0.368810 0.440601 | speech FER: 0.727037 0.764188 | silence FER: 0.004923 0.099373 | loss: 1.416247 1.867025 | time: 0.779301
epoch: 2/2 train batch: 63/194 | FER: 0.383172 0.440027 | speech FER: 0.691153 0.763458 | silence FER: 0.060326 0.098982 | loss: 1.514271 1.863497 | time: 0.785882
epoch: 2/2 train batch: 64/194 | FER: 0.385818 0.439485 | speech FER: 0.744926 0.763272 | silence FER: 0.006740 0.098060 | loss: 1.533697 1.860199 | time: 0.822543
epoch: 2/2 train batch: 65/194 | FER: 0.371032 0.438800 | speech FER: 0.686045 0.762500 | silence FER: 0.048285 0.097562 | loss: 1.461789 1.856215 | time: 0.776373
epoch: 2/2 train batch: 66/194 | FER: 0.373812 0.438151 | speech FER: 0.704654 0.761922 | silence FER: 0.006607 0.096652 | loss: 1.408534 1.851738 | time: 0.802879
epoch: 2/2 train batch: 67/194 | FER: 0.386490 0.437634 | speech FER: 0.686801 0.761170 | silence FER: 0.050765 0.096194 | loss: 1.487981 1.848101 | time: 0.760960
epoch: 2/2 train batch: 68/194 | FER: 0.371086 0.436968 | speech FER: 0.723973 0.760798 | silence FER: 0.009915 0.095331 | loss: 1.385974 1.843479 | time: 0.800504
epoch: 2/2 train batch: 69/194 | FER: 0.358464 0.436183 | speech FER: 0.686198 0.760052 | silence FER: 0.024003 0.094618 | loss: 1.361608 1.838661 | time: 0.900615
epoch: 2/2 train batch: 70/194 | FER: 0.406809 0.435890 | speech FER: 0.738188 0.759834 | silence FER: 0.014273 0.093814 | loss: 1.635120 1.836625 | time: 0.836771
epoch: 2/2 train batch: 71/194 | FER: 0.389794 0.435429 | speech FER: 0.693266 0.759168 | silence FER: 0.044231 0.093318 | loss: 1.476731 1.833026 | time: 0.774766
epoch: 2/2 train batch: 72/194 | FER: 0.378178 0.434856 | speech FER: 0.734715 0.758924 | silence FER: 0.009076 0.092476 | loss: 1.436939 1.829065 | time: 0.820292
epoch: 2/2 train batch: 73/194 | FER: 0.351241 0.434020 | speech FER: 0.687607 0.758210 | silence FER: 0.017609 0.091727 | loss: 1.312920 1.823904 | time: 0.789749
epoch: 2/2 train batch: 74/194 | FER: 0.361680 0.433297 | speech FER: 0.704411 0.757672 | silence FER: 0.012397 0.090934 | loss: 1.363330 1.819298 | time: 0.832731
epoch: 2/2 train batch: 75/194 | FER: 0.373410 0.432698 | speech FER: 0.703343 0.757129 | silence FER: 0.026566 0.090290 | loss: 1.386425 1.814969 | time: 0.872047
epoch: 2/2 train batch: 76/194 | FER: 0.400510 0.432376 | speech FER: 0.741948 0.756977 | silence FER: 0.018038 0.089568 | loss: 1.562234 1.812442 | time: 0.911492
epoch: 2/2 train batch: 77/194 | FER: 0.399611 0.432048 | speech FER: 0.712374 0.756531 | silence FER: 0.048618 0.089158 | loss: 1.541527 1.809733 | time: 0.832952
epoch: 2/2 train batch: 78/194 | FER: 0.406449 0.431792 | speech FER: 0.723349 0.756199 | silence FER: 0.018895 0.088456 | loss: 1.593715 1.807573 | time: 0.846080
epoch: 2/2 train batch: 79/194 | FER: 0.371108 0.431185 | speech FER: 0.673143 0.755369 | silence FER: 0.042402 0.087995 | loss: 1.433187 1.803829 | time: 0.817185
epoch: 2/2 train batch: 80/194 | FER: 0.352057 0.430394 | speech FER: 0.704429 0.754859 | silence FER: 0.007973 0.087195 | loss: 1.359458 1.799385 | time: 0.883882
epoch: 2/2 train batch: 81/194 | FER: 0.400408 0.430094 | speech FER: 0.719025 0.754501 | silence FER: 0.044495 0.086768 | loss: 1.542146 1.796813 | time: 0.818784
epoch: 2/2 train batch: 82/194 | FER: 0.413172 0.429925 | speech FER: 0.738374 0.754340 | silence FER: 0.016186 0.086062 | loss: 1.648149 1.795326 | time: 0.953111
epoch: 2/2 train batch: 83/194 | FER: 0.348991 0.429116 | speech FER: 0.669140 0.753488 | silence FER: 0.036965 0.085571 | loss: 1.307648 1.790449 | time: 0.797226
epoch: 2/2 train batch: 84/194 | FER: 0.393154 0.428756 | speech FER: 0.730988 0.753263 | silence FER: 0.005953 0.084775 | loss: 1.541415 1.787959 | time: 0.826761
epoch: 2/2 train batch: 85/194 | FER: 0.360908 0.428078 | speech FER: 0.690059 0.752631 | silence FER: 0.037885 0.084306 | loss: 1.394787 1.784027 | time: 0.830719
epoch: 2/2 train batch: 86/194 | FER: 0.382256 0.427619 | speech FER: 0.711346 0.752218 | silence FER: 0.006647 0.083529 | loss: 1.453000 1.780717 | time: 0.827915
epoch: 2/2 train batch: 87/194 | FER: 0.380085 0.427144 | speech FER: 0.686070 0.751556 | silence FER: 0.047836 0.083172 | loss: 1.511518 1.778025 | time: 0.763217
epoch: 2/2 train batch: 88/194 | FER: 0.386746 0.426740 | speech FER: 0.723232 0.751273 | silence FER: 0.008629 0.082427 | loss: 1.474989 1.774995 | time: 0.789663
epoch: 2/2 train batch: 89/194 | FER: 0.366500 0.426138 | speech FER: 0.675042 0.750511 | silence FER: 0.045177 0.082054 | loss: 1.432964 1.771574 | time: 0.789235
epoch: 2/2 train batch: 90/194 | FER: 0.367154 0.425548 | speech FER: 0.729357 0.750299 | silence FER: 0.008234 0.081316 | loss: 1.374212 1.767601 | time: 0.884643
epoch: 2/2 train batch: 91/194 | FER: 0.363856 0.424931 | speech FER: 0.669594 0.749492 | silence FER: 0.041149 0.080915 | loss: 1.364377 1.763569 | time: 0.795260
epoch: 2/2 train batch: 92/194 | FER: 0.368173 0.424363 | speech FER: 0.711627 0.749114 | silence FER: 0.006796 0.080173 | loss: 1.498835 1.760921 | time: 0.820284
epoch: 2/2 train batch: 93/194 | FER: 0.364849 0.423768 | speech FER: 0.685570 0.748478 | silence FER: 0.047029 0.079842 | loss: 1.380965 1.757122 | time: 0.803586
epoch: 2/2 train batch: 94/194 | FER: 0.353048 0.423061 | speech FER: 0.702196 0.748015 | silence FER: 0.008109 0.079125 | loss: 1.403438 1.753585 | time: 0.866287
epoch: 2/2 train batch: 95/194 | FER: 0.357557 0.422406 | speech FER: 0.686230 0.747398 | silence FER: 0.021877 0.078552 | loss: 1.317270 1.749222 | time: 0.769183
epoch: 2/2 train batch: 96/194 | FER: 0.406559 0.422247 | speech FER: 0.723274 0.747156 | silence FER: 0.023256 0.077999 | loss: 1.583696 1.747566 | time: 0.827002
epoch: 2/2 train batch: 97/194 | FER: 0.362360 0.421649 | speech FER: 0.678845 0.746473 | silence FER: 0.035519 0.077574 | loss: 1.543458 1.745525 | time: 0.783460
epoch: 2/2 train batch: 98/194 | FER: 0.392805 0.421360 | speech FER: 0.721277 0.746221 | silence FER: 0.021069 0.077009 | loss: 1.514461 1.743215 | time: 0.810776
epoch: 2/2 train batch: 99/194 | FER: 0.397610 0.421123 | speech FER: 0.722222 0.745981 | silence FER: 0.025644 0.076496 | loss: 1.499072 1.740773 | time: 0.896691
epoch: 2/2 train batch: 100/194 | FER: 0.363099 0.420542 | speech FER: 0.691634 0.745438 | silence FER: 0.027347 0.076004 | loss: 1.368198 1.737048 | time: 0.776346
epoch: 2/2 train batch: 101/194 | FER: 0.340952 0.419747 | speech FER: 0.686466 0.744848 | silence FER: 0.008188 0.075326 | loss: 1.294171 1.732619 | time: 0.764403
epoch: 2/2 train batch: 102/194 | FER: 0.361870 0.419168 | speech FER: 0.678595 0.744186 | silence FER: 0.038786 0.074961 | loss: 1.357655 1.728869 | time: 0.764360
epoch: 2/2 train batch: 103/194 | FER: 0.372408 0.418700 | speech FER: 0.700776 0.743751 | silence FER: 0.013828 0.074349 | loss: 1.471425 1.726295 | time: 0.826233
epoch: 2/2 train batch: 104/194 | FER: 0.366852 0.418182 | speech FER: 0.682474 0.743139 | silence FER: 0.033260 0.073938 | loss: 1.400279 1.723035 | time: 0.775043
epoch: 2/2 train batch: 105/194 | FER: 0.368157 0.417681 | speech FER: 0.730985 0.743017 | silence FER: 0.006610 0.073265 | loss: 1.430344 1.720108 | time: 0.808626
epoch: 2/2 train batch: 106/194 | FER: 0.391996 0.417425 | speech FER: 0.726520 0.742852 | silence FER: 0.028366 0.072816 | loss: 1.516317 1.718070 | time: 0.848556
epoch: 2/2 train batch: 107/194 | FER: 0.365209 0.416902 | speech FER: 0.712902 0.742553 | silence FER: 0.007706 0.072165 | loss: 1.376486 1.714654 | time: 0.781027
epoch: 2/2 train batch: 108/194 | FER: 0.401320 0.416747 | speech FER: 0.712406 0.742251 | silence FER: 0.042039 0.071864 | loss: 1.516317 1.712670 | time: 0.796796
epoch: 2/2 train batch: 109/194 | FER: 0.388500 0.416464 | speech FER: 0.730883 0.742137 | silence FER: 0.011263 0.071258 | loss: 1.484706 1.710391 | time: 0.856947
epoch: 2/2 train batch: 110/194 | FER: 0.385023 0.416150 | speech FER: 0.702269 0.741739 | silence FER: 0.064648 0.071192 | loss: 1.442414 1.707711 | time: 0.814993
epoch: 2/2 train batch: 111/194 | FER: 0.374929 0.415738 | speech FER: 0.738913 0.741711 | silence FER: 0.006430 0.070544 | loss: 1.451435 1.705148 | time: 0.780390
epoch: 2/2 train batch: 112/194 | FER: 0.387223 0.415452 | speech FER: 0.685999 0.741153 | silence FER: 0.041496 0.070254 | loss: 1.472919 1.702826 | time: 0.756689
epoch: 2/2 train batch: 113/194 | FER: 0.363523 0.414933 | speech FER: 0.698998 0.740732 | silence FER: 0.006675 0.069618 | loss: 1.374444 1.699542 | time: 0.780743
epoch: 2/2 train batch: 114/194 | FER: 0.363213 0.414416 | speech FER: 0.665094 0.739976 | silence FER: 0.040573 0.069327 | loss: 1.372293 1.696270 | time: 0.762021
epoch: 2/2 train batch: 115/194 | FER: 0.387354 0.414145 | speech FER: 0.727530 0.739851 | silence FER: 0.031571 0.068950 | loss: 1.455083 1.693858 | time: 0.800283
epoch: 2/2 train batch: 116/194 | FER: 0.341727 0.413421 | speech FER: 0.677903 0.739232 | silence FER: 0.024714 0.068507 | loss: 1.268277 1.689602 | time: 0.895185
epoch: 2/2 train batch: 117/194 | FER: 0.375738 0.413044 | speech FER: 0.714867 0.738988 | silence FER: 0.014185 0.067964 | loss: 1.447926 1.687185 | time: 0.798272
epoch: 2/2 train batch: 118/194 | FER: 0.383233 0.412746 | speech FER: 0.702589 0.738624 | silence FER: 0.025479 0.067539 | loss: 1.465737 1.684971 | time: 0.791281
epoch: 2/2 train batch: 119/194 | FER: 0.362126 0.412240 | speech FER: 0.701764 0.738255 | silence FER: 0.015214 0.067016 | loss: 1.327816 1.681399 | time: 0.769145
epoch: 2/2 train batch: 120/194 | FER: 0.386123 0.411979 | speech FER: 0.714391 0.738017 | silence FER: 0.026650 0.066612 | loss: 1.459330 1.679179 | time: 0.819229
epoch: 2/2 train batch: 121/194 | FER: 0.386568 0.411725 | speech FER: 0.723679 0.737873 | silence FER: 0.006778 0.066014 | loss: 1.461777 1.677005 | time: 0.752510
epoch: 2/2 train batch: 122/194 | FER: 0.374008 0.411347 | speech FER: 0.670566 0.737200 | silence FER: 0.053429 0.065888 | loss: 1.362375 1.673858 | time: 0.785492
epoch: 2/2 train batch: 123/194 | FER: 0.362763 0.410862 | speech FER: 0.713864 0.736967 | silence FER: 0.011144 0.065341 | loss: 1.440011 1.671520 | time: 0.824389
epoch: 2/2 train batch: 124/194 | FER: 0.357970 0.410333 | speech FER: 0.663371 0.736231 | silence FER: 0.042686 0.065114 | loss: 1.367422 1.668479 | time: 0.832256
epoch: 2/2 train batch: 125/194 | FER: 0.367330 0.409903 | speech FER: 0.703125 0.735900 | silence FER: 0.013621 0.064599 | loss: 1.371113 1.665505 | time: 0.787495
epoch: 2/2 train batch: 126/194 | FER: 0.369888 0.409503 | speech FER: 0.677779 0.735319 | silence FER: 0.047625 0.064430 | loss: 1.393554 1.662786 | time: 0.807112
epoch: 2/2 train batch: 127/194 | FER: 0.359245 0.409000 | speech FER: 0.711251 0.735078 | silence FER: 0.011929 0.063905 | loss: 1.422310 1.660381 | time: 0.934022
epoch: 2/2 train batch: 128/194 | FER: 0.369865 0.408609 | speech FER: 0.692175 0.734649 | silence FER: 0.023667 0.063502 | loss: 1.414183 1.657919 | time: 0.806510
epoch: 2/2 train batch: 129/194 | FER: 0.356594 0.408088 | speech FER: 0.683609 0.734139 | silence FER: 0.027682 0.063144 | loss: 1.341852 1.654758 | time: 0.849410
epoch: 2/2 train batch: 130/194 | FER: 0.362473 0.407632 | speech FER: 0.711094 0.733908 | silence FER: 0.013812 0.062651 | loss: 1.361426 1.651825 | time: 0.796554
epoch: 2/2 train batch: 131/194 | FER: 0.361713 0.407173 | speech FER: 0.674239 0.733311 | silence FER: 0.040488 0.062429 | loss: 1.349622 1.648803 | time: 0.805406
epoch: 2/2 train batch: 132/194 | FER: 0.374348 0.406845 | speech FER: 0.697424 0.732953 | silence FER: 0.010498 0.061910 | loss: 1.349705 1.645812 | time: 0.827242
epoch: 2/2 train batch: 133/194 | FER: 0.376623 0.406543 | speech FER: 0.681893 0.732442 | silence FER: 0.030172 0.061592 | loss: 1.473711 1.644091 | time: 0.825279
epoch: 2/2 train batch: 134/194 | FER: 0.360754 0.406085 | speech FER: 0.691280 0.732030 | silence FER: 0.014123 0.061118 | loss: 1.344911 1.641099 | time: 0.829012
epoch: 2/2 train batch: 135/194 | FER: 0.364508 0.405669 | speech FER: 0.686540 0.731575 | silence FER: 0.021936 0.060726 | loss: 1.340076 1.638089 | time: 0.799768
epoch: 2/2 train batch: 136/194 | FER: 0.362703 0.405239 | speech FER: 0.709080 0.731350 | silence FER: 0.010419 0.060223 | loss: 1.401999 1.635728 | time: 0.785257
epoch: 2/2 train batch: 137/194 | FER: 0.349563 0.404683 | speech FER: 0.672875 0.730766 | silence FER: 0.038526 0.060006 | loss: 1.371818 1.633089 | time: 0.816946
epoch: 2/2 train batch: 138/194 | FER: 0.371565 0.404351 | speech FER: 0.693418 0.730392 | silence FER: 0.007866 0.059484 | loss: 1.377208 1.630530 | time: 0.809377
epoch: 2/2 train batch: 139/194 | FER: 0.367683 0.403985 | speech FER: 0.681818 0.729907 | silence FER: 0.054112 0.059431 | loss: 1.405197 1.628277 | time: 0.788195
epoch: 2/2 train batch: 140/194 | FER: 0.363845 0.403583 | speech FER: 0.696647 0.729574 | silence FER: 0.003721 0.058874 | loss: 1.363511 1.625629 | time: 0.789673
epoch: 2/2 train batch: 141/194 | FER: 0.351426 0.403062 | speech FER: 0.664520 0.728923 | silence FER: 0.048100 0.058766 | loss: 1.359693 1.622970 | time: 0.738803
epoch: 2/2 train batch: 142/194 | FER: 0.370466 0.402736 | speech FER: 0.711243 0.728747 | silence FER: 0.007046 0.058249 | loss: 1.422248 1.620962 | time: 0.817636
epoch: 2/2 train batch: 143/194 | FER: 0.341940 0.402128 | speech FER: 0.654614 0.728005 | silence FER: 0.031322 0.057979 | loss: 1.224353 1.616996 | time: 0.837298
epoch: 2/2 train batch: 144/194 | FER: 0.383009 0.401937 | speech FER: 0.724209 0.727967 | silence FER: 0.010709 0.057507 | loss: 1.469209 1.615519 | time: 0.772958
epoch: 2/2 train batch: 145/194 | FER: 0.347239 0.401390 | speech FER: 0.658108 0.727269 | silence FER: 0.034550 0.057277 | loss: 1.266534 1.612029 | time: 0.762955
epoch: 2/2 train batch: 146/194 | FER: 0.376780 0.401144 | speech FER: 0.693270 0.726929 | silence FER: 0.013480 0.056839 | loss: 1.433065 1.610239 | time: 0.816316
epoch: 2/2 train batch: 147/194 | FER: 0.357985 0.400712 | speech FER: 0.670783 0.726367 | silence FER: 0.041495 0.056686 | loss: 1.318279 1.607319 | time: 0.779996
epoch: 2/2 train batch: 148/194 | FER: 0.364403 0.400349 | speech FER: 0.713298 0.726237 | silence FER: 0.012612 0.056245 | loss: 1.364935 1.604896 | time: 0.813436
epoch: 2/2 train batch: 149/194 | FER: 0.350898 0.399854 | speech FER: 0.677974 0.725754 | silence FER: 0.029243 0.055975 | loss: 1.331679 1.602163 | time: 0.830015
epoch: 2/2 train batch: 150/194 | FER: 0.362645 0.399482 | speech FER: 0.727760 0.725774 | silence FER: 0.007607 0.055491 | loss: 1.366087 1.599803 | time: 0.882716
epoch: 2/2 train batch: 151/194 | FER: 0.400530 0.399493 | speech FER: 0.710682 0.725623 | silence FER: 0.026259 0.055199 | loss: 1.566218 1.599467 | time: 0.827635
epoch: 2/2 train batch: 152/194 | FER: 0.357159 0.399069 | speech FER: 0.706731 0.725434 | silence FER: 0.015335 0.054800 | loss: 1.323343 1.596706 | time: 0.767224
epoch: 2/2 train batch: 153/194 | FER: 0.371172 0.398790 | speech FER: 0.671182 0.724892 | silence FER: 0.046289 0.054715 | loss: 1.346562 1.594204 | time: 0.838619
epoch: 2/2 train batch: 154/194 | FER: 0.359901 0.398402 | speech FER: 0.699476 0.724637 | silence FER: 0.012543 0.054293 | loss: 1.352310 1.591785 | time: 0.852289
epoch: 2/2 train batch: 155/194 | FER: 0.351480 0.397932 | speech FER: 0.662262 0.724014 | silence FER: 0.028378 0.054034 | loss: 1.317839 1.589046 | time: 0.762173
epoch: 2/2 train batch: 156/194 | FER: 0.352426 0.397477 | speech FER: 0.692351 0.723697 | silence FER: 0.010882 0.053603 | loss: 1.350975 1.586665 | time: 0.814147
epoch: 2/2 train batch: 157/194 | FER: 0.404642 0.397549 | speech FER: 0.712992 0.723590 | silence FER: 0.039008 0.053457 | loss: 1.528040 1.586079 | time: 0.794408
epoch: 2/2 train batch: 158/194 | FER: 0.363137 0.397205 | speech FER: 0.711534 0.723469 | silence FER: 0.010489 0.053027 | loss: 1.359650 1.583814 | time: 0.844521
epoch: 2/2 train batch: 159/194 | FER: 0.358651 0.396819 | speech FER: 0.678934 0.723024 | silence FER: 0.025796 0.052755 | loss: 1.359131 1.581568 | time: 0.827273
epoch: 2/2 train batch: 160/194 | FER: 0.354330 0.396394 | speech FER: 0.685838 0.722652 | silence FER: 0.009655 0.052324 | loss: 1.299056 1.578743 | time: 0.806803
epoch: 2/2 train batch: 161/194 | FER: 0.376362 0.396194 | speech FER: 0.688581 0.722312 | silence FER: 0.053617 0.052337 | loss: 1.441770 1.577373 | time: 0.895526
epoch: 2/2 train batch: 162/194 | FER: 0.396990 0.396202 | speech FER: 0.739167 0.722480 | silence FER: 0.004293 0.051856 | loss: 1.551604 1.577115 | time: 0.820390
epoch: 2/2 train batch: 163/194 | FER: 0.384203 0.396082 | speech FER: 0.659865 0.721854 | silence FER: 0.068493 0.052023 | loss: 1.438590 1.575730 | time: 0.853368
epoch: 2/2 train batch: 164/194 | FER: 0.371300 0.395834 | speech FER: 0.723501 0.721870 | silence FER: 0.008213 0.051585 | loss: 1.408903 1.574062 | time: 0.802110
epoch: 2/2 train batch: 165/194 | FER: 0.351476 0.395391 | speech FER: 0.675182 0.721404 | silence FER: 0.036357 0.051432 | loss: 1.324011 1.571561 | time: 0.770522
epoch: 2/2 train batch: 166/194 | FER: 0.381017 0.395247 | speech FER: 0.712118 0.721311 | silence FER: 0.008592 0.051004 | loss: 1.539043 1.571236 | time: 0.922276
epoch: 2/2 train batch: 167/194 | FER: 0.415056 0.395445 | speech FER: 0.698212 0.721080 | silence FER: 0.075389 0.051248 | loss: 1.580088 1.571324 | time: 0.793464
epoch: 2/2 train batch: 168/194 | FER: 0.361753 0.395108 | speech FER: 0.711897 0.720988 | silence FER: 0.009163 0.050827 | loss: 1.385965 1.569471 | time: 0.818765
epoch: 2/2 train batch: 169/194 | FER: 0.377941 0.394936 | speech FER: 0.685739 0.720635 | silence FER: 0.026920 0.050588 | loss: 1.464550 1.568422 | time: 0.817940
epoch: 2/2 train batch: 170/194 | FER: 0.357974 0.394567 | speech FER: 0.695320 0.720382 | silence FER: 0.016551 0.050247 | loss: 1.312372 1.565861 | time: 0.843337
epoch: 2/2 train batch: 171/194 | FER: 0.347949 0.394101 | speech FER: 0.685562 0.720034 | silence FER: 0.015663 0.049902 | loss: 1.254580 1.562748 | time: 0.797495
epoch: 2/2 train batch: 172/194 | FER: 0.352721 0.393687 | speech FER: 0.687065 0.719704 | silence FER: 0.020947 0.049612 | loss: 1.292413 1.560045 | time: 0.856410
epoch: 2/2 train batch: 173/194 | FER: 0.338348 0.393133 | speech FER: 0.679865 0.719306 | silence FER: 0.015584 0.049272 | loss: 1.293646 1.557381 | time: 0.914475
epoch: 2/2 train batch: 174/194 | FER: 0.376795 0.392970 | speech FER: 0.706544 0.719178 | silence FER: 0.015679 0.048936 | loss: 1.410438 1.555912 | time: 0.857929
epoch: 2/2 train batch: 175/194 | FER: 0.363039 0.392671 | speech FER: 0.692094 0.718907 | silence FER: 0.022691 0.048673 | loss: 1.384830 1.554201 | time: 0.813508
epoch: 2/2 train batch: 176/194 | FER: 0.368339 0.392427 | speech FER: 0.694505 0.718663 | silence FER: 0.024911 0.048436 | loss: 1.427799 1.552937 | time: 0.819359
epoch: 2/2 train batch: 177/194 | FER: 0.344769 0.391951 | speech FER: 0.667538 0.718152 | silence FER: 0.020660 0.048158 | loss: 1.301675 1.550424 | time: 0.824022
epoch: 2/2 train batch: 178/194 | FER: 0.379828 0.391830 | speech FER: 0.692962 0.717900 | silence FER: 0.012069 0.047797 | loss: 1.449958 1.549419 | time: 0.830751
epoch: 2/2 train batch: 179/194 | FER: 0.361068 0.391522 | speech FER: 0.672675 0.717448 | silence FER: 0.045717 0.047776 | loss: 1.334005 1.547265 | time: 0.828392
epoch: 2/2 train batch: 180/194 | FER: 0.342875 0.391036 | speech FER: 0.674880 0.717022 | silence FER: 0.006329 0.047362 | loss: 1.302417 1.544817 | time: 0.828979
epoch: 2/2 train batch: 181/194 | FER: 0.380623 0.390931 | speech FER: 0.681756 0.716670 | silence FER: 0.034524 0.047234 | loss: 1.461656 1.543985 | time: 0.759361
epoch: 2/2 train batch: 182/194 | FER: 0.362185 0.390644 | speech FER: 0.701900 0.716522 | silence FER: 0.014454 0.046906 | loss: 1.344721 1.541993 | time: 0.845094
epoch: 2/2 train batch: 183/194 | FER: 0.393664 0.390674 | speech FER: 0.710413 0.716461 | silence FER: 0.029408 0.046731 | loss: 1.628227 1.542855 | time: 0.828637
epoch: 2/2 train batch: 184/194 | FER: 0.360629 0.390374 | speech FER: 0.684793 0.716144 | silence FER: 0.012651 0.046390 | loss: 1.368315 1.541110 | time: 0.879429
epoch: 2/2 train batch: 185/194 | FER: 0.365239 0.390122 | speech FER: 0.679716 0.715780 | silence FER: 0.044756 0.046374 | loss: 1.421114 1.539910 | time: 0.791042
epoch: 2/2 train batch: 186/194 | FER: 0.349497 0.389716 | speech FER: 0.708565 0.715708 | silence FER: 0.011379 0.046024 | loss: 1.354369 1.538054 | time: 0.812583
epoch: 2/2 train batch: 187/194 | FER: 0.342657 0.389245 | speech FER: 0.688606 0.715437 | silence FER: 0.020744 0.045771 | loss: 1.283376 1.535507 | time: 0.848494
epoch: 2/2 train batch: 188/194 | FER: 0.360365 0.388957 | speech FER: 0.695202 0.715234 | silence FER: 0.013929 0.045452 | loss: 1.332129 1.533474 | time: 0.800065
epoch: 2/2 train batch: 189/194 | FER: 0.372494 0.388792 | speech FER: 0.695055 0.715033 | silence FER: 0.031008 0.045308 | loss: 1.409134 1.532230 | time: 0.786242
epoch: 2/2 train batch: 190/194 | FER: 0.352365 0.388428 | speech FER: 0.704932 0.714932 | silence FER: 0.017118 0.045026 | loss: 1.317290 1.530081 | time: 0.796157
epoch: 2/2 train batch: 191/194 | FER: 0.353042 0.388074 | speech FER: 0.678602 0.714568 | silence FER: 0.027447 0.044850 | loss: 1.344504 1.528225 | time: 0.819893
epoch: 2/2 train batch: 192/194 | FER: 0.367410 0.387867 | speech FER: 0.708674 0.714509 | silence FER: 0.009386 0.044496 | loss: 1.370817 1.526651 | time: 0.779556
epoch: 2/2 train batch: 193/194 | FER: 0.352726 0.387516 | speech FER: 0.649070 0.713855 | silence FER: 0.042803 0.044479 | loss: 1.308331 1.524468 | time: 0.850333
epoch: 2/2 train batch: 194/194 | FER: 0.366481 0.387306 | speech FER: 0.712593 0.713842 | silence FER: 0.006049 0.044094 | loss: 1.479589 1.524019 | time: 0.696847
epoch: 2/2 cv batch: 1/11 | FER: 0.367761 0.387563 | speech FER: 0.679555 0.720164 | silence FER: 0.022148 0.020113 | loss: 1.354975 1.460018 | time: 0.282705
epoch: 2/2 cv batch: 2/11 | FER: 0.338543 0.387073 | speech FER: 0.664272 0.719605 | silence FER: 0.018234 0.020095 | loss: 1.266259 1.458081 | time: 0.309844
epoch: 2/2 cv batch: 3/11 | FER: 0.368630 0.386888 | speech FER: 0.692840 0.719338 | silence FER: 0.033545 0.020229 | loss: 1.347008 1.456970 | time: 0.302255
epoch: 2/2 cv batch: 4/11 | FER: 0.336746 0.386387 | speech FER: 0.646340 0.718608 | silence FER: 0.019143 0.020218 | loss: 1.250923 1.454909 | time: 0.273116
epoch: 2/2 cv batch: 5/11 | FER: 0.330336 0.385826 | speech FER: 0.656119 0.717983 | silence FER: 0.022269 0.020239 | loss: 1.215337 1.452514 | time: 0.388739
epoch: 2/2 cv batch: 6/11 | FER: 0.385640 0.385824 | speech FER: 0.698834 0.717791 | silence FER: 0.016139 0.020198 | loss: 1.418315 1.452172 | time: 0.277327
epoch: 2/2 cv batch: 7/11 | FER: 0.371549 0.385682 | speech FER: 0.677468 0.717388 | silence FER: 0.016440 0.020160 | loss: 1.397077 1.451621 | time: 0.293235
epoch: 2/2 cv batch: 8/11 | FER: 0.358973 0.385415 | speech FER: 0.685954 0.717074 | silence FER: 0.020102 0.020160 | loss: 1.318633 1.450291 | time: 0.330551
epoch: 2/2 cv batch: 9/11 | FER: 0.354528 0.385106 | speech FER: 0.683078 0.716734 | silence FER: 0.017980 0.020138 | loss: 1.313847 1.448926 | time: 0.321024
epoch: 2/2 cv batch: 10/11 | FER: 0.370728 0.384962 | speech FER: 0.684033 0.716407 | silence FER: 0.028664 0.020223 | loss: 1.492325 1.449360 | time: 0.405021
epoch: 2/2 cv batch: 11/11 | FER: 0.381350 0.384926 | speech FER: 0.671245 0.715955 | silence FER: 0.024253 0.020263 | loss: 1.388152 1.448748 | time: 0.234413
Epoch train frame error-rate: 0.373146
Epoch cv    frame error-rate: 0.358558
